[36mvite v8.0.1 [32mbuilding client environment for production...[36m[39m
[2K
transforming...Γ£ô 26 modules transformed.
rendering chunks...
computing gzip size...
dist/index.html                   0.45 kB Γöé gzip:  0.29 kB
dist/assets/index-BZ3xGdUc.css   43.77 kB Γöé gzip:  8.09 kB
dist/assets/index-B7PqLuE0.js   234.60 kB Γöé gzip: 69.62 kB

node.exe : 
[31mΓ£ù[39m Build 
failed in 360ms
At line:1 char:1
+ & "C:\Program 
Files\nodejs/node.exe" 
"C:\Program 
Files\nodejs/node_mo 
...
+ ~~~~~~~~~~~~~~~~~~~~~
~~~~~~~~~~~~~~~~~~~~~~~
~~~~~~~~~~~~~~~~~~~~~~~
~~
    + CategoryInfo     
         : NotSpecifi  
  ed: ([31mΓ£ù[39m   
  Build failed in 3    
60ms:String) [], R    
emoteException
    + FullyQualifiedEr 
   rorId : NativeComm  
  andError
 
[31merror during 
build:
[31mBuild failed with 
1 error:

Error: [vite]: 
Rolldown failed to 
resolve import "axios" 
from "C:/CC-2/Food_cour
t/frontend/src/context/
AuthContext.jsx".
This is most likely 
unintended because it 
can break your 
application at runtime.
If you do want to 
externalize this 
module explicitly add 
it to
`build.rollupOptions.ex
ternal`
    at viteLog (file://
/C:/CC-2/Food_court/fro
ntend/node_modules/vite
/dist/node/chunks/node.
js:32910:57)
    at file:///C:/CC-2/
Food_court/frontend/nod
e_modules/vite/dist/nod
e/chunks/node.js:32946:
71
    at onwarn (file:///
C:/CC-2/Food_court/fron
tend/node_modules/@vite
js/plugin-react/dist/in
dex.js:40:7)
    at file:///C:/CC-2/
Food_court/frontend/nod
e_modules/vite/dist/nod
e/chunks/node.js:32946:
28
    at onRollupLog (fil
e:///C:/CC-2/Food_court
/frontend/node_modules/
vite/dist/node/chunks/n
ode.js:32941:63)
    at onLog (file:///C
:/CC-2/Food_court/front
end/node_modules/vite/d
ist/node/chunks/node.js
:32711:4)
    at file:///C:/CC-2/
Food_court/frontend/nod
e_modules/rolldown/dist
/shared/rolldown-build-
yQC7KN8K.mjs:49:26
    at logger (file:///
C:/CC-2/Food_court/fron
tend/node_modules/rolld
own/dist/shared/rolldow
n-build-yQC7KN8K.mjs:40
:3)
    at onLog (file:///C
:/CC-2/Food_court/front
end/node_modules/rolldo
wn/dist/shared/bindingi
fy-input-options-DoaqRU
LI.mjs:1950:32)[31m
    at aggregateBinding
ErrorsIntoJsError (file
:///C:/CC-2/Food_court/
frontend/node_modules/r
olldown/dist/shared/err
or-BO4SlZV_.mjs:48:18)
    at 
unwrapBindingResult (fi
le:///C:/CC-2/Food_cour
t/frontend/node_modules
/rolldown/dist/shared/e
rror-BO4SlZV_.mjs:18:12
8)
    at #build (file:///
C:/CC-2/Food_court/fron
tend/node_modules/rolld
own/dist/shared/rolldow
n-build-yQC7KN8K.mjs:33
11:34)
    at async 
buildEnvironment (file:
///C:/CC-2/Food_court/f
rontend/node_modules/vi
te/dist/node/chunks/nod
e.js:32817:64)
    at async 
Object.build (file:///C
:/CC-2/Food_court/front
end/node_modules/vite/d
ist/node/chunks/node.js
:33239:19)
    at async 
Object.buildApp (file:/
//C:/CC-2/Food_court/fr
ontend/node_modules/vit
e/dist/node/chunks/node
.js:33236:153)
    at async 
CAC.<anonymous> (file:/
//C:/CC-2/Food_court/fr
ontend/node_modules/vit
e/dist/node/cli.js:778:
3) {
  errors: 
[Getter/Setter]
}[39m
